Build started 23.11.2015 16:55:43.
     1>Project "C:\Users\Bursuk\Documents\Visual Studio 2015\Projects\Test\Test.vcxproj" on node 2 (Rebuild target(s)).
     1>ClCompile:
         C:\Program Files (x86)\Microsoft Visual Studio 14.0\VC\bin\CL.exe /c /ZI /nologo /W3 /WX- /sdl /Od /Oy- /D WIN32 /D _DEBUG /D _CONSOLE /D _UNICODE /D UNICODE /Gm /EHsc /RTC1 /MDd /GS /fp:precise /Zc:wchar_t /Zc:forScope /Zc:inline /Fo"Debug\\" /Fd"Debug\vc140.pdb" /Gd /TP /analyze- /errorReport:prompt Cell.cpp Factory.cpp FormulaCell.cpp NoneCell.cpp NumberCell.cpp Operand.cpp Parser.cpp ReversePolandNotation.cpp Source.cpp StringCell.cpp UserInterface.cpp
         UserInterface.cpp
         StringCell.cpp
         Source.cpp
         ReversePolandNotation.cpp
     1>c:\users\bursuk\documents\visual studio 2015\projects\test\reversepolandnotation.cpp(13): error C2059: syntax error: '='
         c:\users\bursuk\documents\visual studio 2015\projects\test\reversepolandnotation.cpp(50): note: see reference to class template instantiation 'Operator<T>' being compiled
     1>c:\users\bursuk\documents\visual studio 2015\projects\test\reversepolandnotation.cpp(13): error C2238: unexpected token(s) preceding ';'
     1>c:\users\bursuk\documents\visual studio 2015\projects\test\reversepolandnotation.cpp(17): fatal error C1903: unable to recover from previous error(s); stopping compilation
     1>Done Building Project "C:\Users\Bursuk\Documents\Visual Studio 2015\Projects\Test\Test.vcxproj" (Rebuild target(s)) -- FAILED.

Build FAILED.

Time Elapsed 00:00:04.44
